-------------------------------------------------------------------------------
Test set: tek.sdet.framework.runner.TestRunner
-------------------------------------------------------------------------------
Tests run: 15, Failures: 0, Errors: 1, Skipped: 0, Time elapsed: 240.108 s <<< FAILURE! - in tek.sdet.framework.runner.TestRunner
Order page.user can place an order witout Shipping address and payment method on file  Time elapsed: 22.445 s  <<< ERROR!
io.cucumber.java.PendingException: TODO: implement me
	at tek.sdet.framework.steps.OrderSteps.userClickAddACreditCardOrDebitCardForPaymentMethod(OrderSteps.java:47)
	at âœ½.User click Add a credit card or Debit Card for Payment method(classpath:features/retailOrder.feature:27)

