<?xml version="1.0" encoding="UTF-8"?>
<testsuite xmlns:xsi="http://www.w3.org/2001/XMLSchema-instance" xsi:noNamespaceSchemaLocation="https://maven.apache.org/surefire/maven-surefire-plugin/xsd/surefire-test-report-3.0.xsd" version="3.0" name="tek.sdet.framework.runner.TestRunner" time="14.211" tests="1" errors="0" skipped="0" failures="0">
  <properties>
[...]
</properties>
  <testcase name="Verify user can signIn into retail application" classname="TEK Retail application SignIn feature" time="13.278">
    <system-out><![CDATA[
@SignIn
Scenario: Verify user can signIn into retail application       # features/SignIn.feature:5
 INFO [main] (SignInSteps.java:21)- user is on retail website
 INFO [main] (SignInSteps.java:22)- Actual title React App equals ExpectedTitle React App
  Given User is on tek retail website                          # tek.sdet.framework.steps.SignInSteps.userIsOnRetailWebsite()
 INFO [main] (SignInSteps.java:29)- User clicked on Sign In button
  When User click on signIn button                             # tek.sdet.framework.steps.SignInSteps.userClickOnSignInButton()
 INFO [main] (SignInSteps.java:35)- Info Entered
  When User enters email 'n@gmail.com' and password 'Jesus22@' # tek.sdet.framework.steps.SignInSteps.userEntersEmailAndPassword(java.lang.String,java.lang.String)
 INFO [main] (SignInSteps.java:41)- User clicked on login button
  When User click on login button                              # tek.sdet.framework.steps.SignInSteps.userClickOnLoginButton()
 INFO [main] (SignInSteps.java:47)- User is logged in
  Then User should logged in into the page                     # tek.sdet.framework.steps.SignInSteps.userShouldLoggedInIntoThePage()
]]></system-out>
    <system-err><![CDATA[SLF4J: Failed to load class "org.slf4j.impl.StaticLoggerBinder".
SLF4J: Defaulting to no-operation (NOP) logger implementation
SLF4J: See http://www.slf4j.org/codes.html#StaticLoggerBinder for further details.
ERROR StatusLogger Log4j2 could not find a logging implementation. Please add log4j-core to the classpath. Using SimpleLogger to log to the console...
1679982444814	geckodriver	INFO	Listening on 127.0.0.1:59634
1679982445126	mozrunner::runner	INFO	Running command: "/Applications/Firefox.app/Contents/MacOS/firefox-bin" "--marionette" "--remote-debugging-port" "51735" "--r ... alhost:51735/" "-foreground" "-no-remote" "-profile" "/var/folders/sn/q0y3v4_x01z920510kt961v40000gn/T/rust_mozprofile7nRE2s"
console.warn: services.settings: Ignoring preference override of remote settings server
console.warn: services.settings: Allow by setting MOZ_REMOTE_SETTINGS_DEVTOOLS=1 in the environment
1679982446621	Marionette	INFO	Marionette enabled
1679982447251	Marionette	INFO	Listening on port 54960
console.error: "Warning: unrecognized command line flag -remote-allow-hosts\n"
console.error: "Warning: unrecognized command line flag -remote-allow-origins\n"
Read port: 54960
WebDriver BiDi listening on ws://127.0.0.1:51735
1679982447540	RemoteAgent	WARN	TLS certificate errors will be ignored for this session
console.warn: SearchSettings: "get: No settings file exists, new profile?" (new NotFoundError("Could not open the file at /var/folders/sn/q0y3v4_x01z920510kt961v40000gn/T/rust_mozprofile7nRE2s/search.json.mozlz4", (void 0)))
DevTools listening on ws://127.0.0.1:51735/devtools/browser/a3a824e8-3bdb-4477-96af-106b5a2bc651
Mar 28, 2023 12:47:29 AM org.openqa.selenium.remote.ProtocolHandshake createSession
INFO: Detected upstream dialect: W3C
console.warn: LoginRecipes: "Falling back to a synchronous message for: https://tek-retail-ui.azurewebsites.net."
console.warn: LoginRecipes: "Falling back to a synchronous message for: https://tek-retail-ui.azurewebsites.net."
1679982456209	Marionette	INFO	Stopped listening on port 54960
JavaScript error: resource://services-settings/Utils.jsm, line 237: TypeError: NetworkError: Network request failed
]]></system-err>
  </testcase>
</testsuite>