<?xml version="1.0" encoding="UTF-8"?>
<testsuite xmlns:xsi="http://www.w3.org/2001/XMLSchema-instance" xsi:noNamespaceSchemaLocation="https://maven.apache.org/surefire/maven-surefire-plugin/xsd/surefire-test-report-3.0.xsd" version="3.0" name="tek.sdet.framework.runner.TestRunner" time="10.492" tests="2" errors="2" skipped="0" failures="0">
  <properties>
[...]
</properties>
  <testcase name="Verify user can search a product" classname="This feature is used for testing UI of Retial Page" time="9.323">
    <error message="Unable to establish websocket connection to http://localhost:54266/devtools/browser/ad9374dd-c3f4-46c8-8732-bcd07e41f1dc&#10;Build info: version: &apos;4.4.0&apos;, revision: &apos;e5c75ed026a&apos;&#10;System info: host: &apos;Nakhtars-MBP&apos;, ip: &apos;2600:1700:10f8:6f0:0:0:0:7c6%en0&apos;, os.name: &apos;Mac OS X&apos;, os.arch: &apos;x86_64&apos;, os.version: &apos;13.1&apos;, java.version: &apos;17.0.4.1&apos;&#10;Driver info: driver.version: ChromeDriver" type="org.openqa.selenium.remote.http.ConnectionFailedException"><![CDATA[org.openqa.selenium.remote.http.ConnectionFailedException: 
Unable to establish websocket connection to http://localhost:54266/devtools/browser/ad9374dd-c3f4-46c8-8732-bcd07e41f1dc
Build info: version: '4.4.0', revision: 'e5c75ed026a'
System info: host: 'Nakhtars-MBP', ip: '2600:1700:10f8:6f0:0:0:0:7c6%en0', os.name: 'Mac OS X', os.arch: 'x86_64', os.version: '13.1', java.version: '17.0.4.1'
Driver info: driver.version: ChromeDriver
	at org.openqa.selenium.remote.http.netty.NettyWebSocket.<init>(NettyWebSocket.java:102)
	at org.openqa.selenium.remote.http.netty.NettyWebSocket.lambda$create$3(NettyWebSocket.java:128)
	at org.openqa.selenium.remote.http.netty.NettyClient.openSocket(NettyClient.java:106)
	at org.openqa.selenium.devtools.Connection.<init>(Connection.java:77)
	at org.openqa.selenium.chromium.ChromiumDriver.lambda$new$2(ChromiumDriver.java:116)
	at java.base/java.util.Optional.map(Optional.java:260)
	at org.openqa.selenium.chromium.ChromiumDriver.<init>(ChromiumDriver.java:114)
	at org.openqa.selenium.chrome.ChromeDriver.<init>(ChromeDriver.java:81)
	at org.openqa.selenium.chrome.ChromeDriver.<init>(ChromeDriver.java:70)
	at tek.sdet.framework.config.ChromeHeadless.openBrowser(ChromeHeadless.java:16)
	at tek.sdet.framework.base.BaseSetup.setupBrowser(BaseSetup.java:58)
	at tek.sdet.framework.base.BaseUITEST.setupTests(BaseUITEST.java:11)
]]></error>
    <system-out><![CDATA[
@smoking
Scenario: Verify user can search a product # features/retailHomePage.feature:4
      org.openqa.selenium.remote.http.ConnectionFailedException: Unable to establish websocket connection to http://localhost:54266/devtools/browser/ad9374dd-c3f4-46c8-8732-bcd07e41f1dc
Build info: version: '4.4.0', revision: 'e5c75ed026a'
System info: host: 'Nakhtars-MBP', ip: '2600:1700:10f8:6f0:0:0:0:7c6%en0', os.name: 'Mac OS X', os.arch: 'x86_64', os.version: '13.1', java.version: '17.0.4.1'
Driver info: driver.version: ChromeDriver
	at org.openqa.selenium.remote.http.netty.NettyWebSocket.<init>(NettyWebSocket.java:102)
	at org.openqa.selenium.remote.http.netty.NettyWebSocket.lambda$create$3(NettyWebSocket.java:128)
	at org.openqa.selenium.remote.http.netty.NettyClient.openSocket(NettyClient.java:106)
	at org.openqa.selenium.devtools.Connection.<init>(Connection.java:77)
	at org.openqa.selenium.chromium.ChromiumDriver.lambda$new$2(ChromiumDriver.java:116)
	at java.base/java.util.Optional.map(Optional.java:260)
	at org.openqa.selenium.chromium.ChromiumDriver.<init>(ChromiumDriver.java:114)
	at org.openqa.selenium.chrome.ChromeDriver.<init>(ChromeDriver.java:81)
	at org.openqa.selenium.chrome.ChromeDriver.<init>(ChromeDriver.java:70)
	at tek.sdet.framework.config.ChromeHeadless.openBrowser(ChromeHeadless.java:16)
	at tek.sdet.framework.base.BaseSetup.setupBrowser(BaseSetup.java:58)
	at tek.sdet.framework.base.BaseUITEST.setupTests(BaseUITEST.java:11)

  Given User is on tek retail website      # tek.sdet.framework.steps.SignInSteps.userIsOnRetailWebsite()
  When User search for "pokemon" product   # tek.sdet.framework.steps.RetailSteps.userSearchForProduct(java.lang.String)
  Then The product should be displayed     # tek.sdet.framework.steps.RetailSteps.theProductShouldBeDisplayed()
  Then User click on product               # tek.sdet.framework.steps.RetailSteps.clickOnProduct()
  Then User add the product to cart        # tek.sdet.framework.steps.RetailSteps.addToCart()
      java.lang.NullPointerException: Cannot invoke "org.openqa.selenium.TakesScreenshot.getScreenshotAs(org.openqa.selenium.OutputType)" because the return value of "tek.sdet.framework.utilities.CommonUtility.getDriver()" is null
	at tek.sdet.framework.utilities.CommonUtility.takeScreenShotAsBytes(CommonUtility.java:57)
	at tek.sdet.framework.base.BaseUITEST.closeTest(BaseUITEST.java:16)

]]></system-out>
    <system-err><![CDATA[SLF4J: Failed to load class "org.slf4j.impl.StaticLoggerBinder".
SLF4J: Defaulting to no-operation (NOP) logger implementation
SLF4J: See http://www.slf4j.org/codes.html#StaticLoggerBinder for further details.
ERROR StatusLogger Log4j2 could not find a logging implementation. Please add log4j-core to the classpath. Using SimpleLogger to log to the console...
Starting ChromeDriver 111.0.5563.64 (c710e93d5b63b7095afe8c2c17df34408078439d-refs/branch-heads/5563@{#995}) on port 56351
Only local connections are allowed.
Please see https://chromedriver.chromium.org/security-considerations for suggestions on keeping ChromeDriver safe.
ChromeDriver was started successfully.
Mar 08, 2023 10:11:32 PM org.openqa.selenium.remote.ProtocolHandshake createSession
INFO: Detected upstream dialect: W3C
Mar 08, 2023 10:11:32 PM org.openqa.selenium.remote.http.WebSocket$Listener onError
WARNING: Invalid Status code=403 text=Forbidden
java.io.IOException: Invalid Status code=403 text=Forbidden
	at org.asynchttpclient.netty.handler.WebSocketHandler.abort(WebSocketHandler.java:92)
	at org.asynchttpclient.netty.handler.WebSocketHandler.handleRead(WebSocketHandler.java:118)
	at org.asynchttpclient.netty.handler.AsyncHttpClientHandler.channelRead(AsyncHttpClientHandler.java:78)
	at io.netty.channel.AbstractChannelHandlerContext.invokeChannelRead(AbstractChannelHandlerContext.java:379)
	at io.netty.channel.AbstractChannelHandlerContext.invokeChannelRead(AbstractChannelHandlerContext.java:365)
	at io.netty.channel.AbstractChannelHandlerContext.fireChannelRead(AbstractChannelHandlerContext.java:357)
	at io.netty.channel.CombinedChannelDuplexHandler$DelegatingChannelHandlerContext.fireChannelRead(CombinedChannelDuplexHandler.java:436)
	at io.netty.handler.codec.ByteToMessageDecoder.fireChannelRead(ByteToMessageDecoder.java:327)
	at io.netty.handler.codec.ByteToMessageDecoder.fireChannelRead(ByteToMessageDecoder.java:314)
	at io.netty.handler.codec.ByteToMessageDecoder.callDecode(ByteToMessageDecoder.java:435)
	at io.netty.handler.codec.ByteToMessageDecoder.channelRead(ByteToMessageDecoder.java:279)
	at io.netty.channel.CombinedChannelDuplexHandler.channelRead(CombinedChannelDuplexHandler.java:251)
	at io.netty.channel.AbstractChannelHandlerContext.invokeChannelRead(AbstractChannelHandlerContext.java:379)
	at io.netty.channel.AbstractChannelHandlerContext.invokeChannelRead(AbstractChannelHandlerContext.java:365)
	at io.netty.channel.AbstractChannelHandlerContext.fireChannelRead(AbstractChannelHandlerContext.java:357)
	at io.netty.channel.DefaultChannelPipeline$HeadContext.channelRead(DefaultChannelPipeline.java:1410)
	at io.netty.channel.AbstractChannelHandlerContext.invokeChannelRead(AbstractChannelHandlerContext.java:379)
	at io.netty.channel.AbstractChannelHandlerContext.invokeChannelRead(AbstractChannelHandlerContext.java:365)
	at io.netty.channel.DefaultChannelPipeline.fireChannelRead(DefaultChannelPipeline.java:919)
	at io.netty.channel.nio.AbstractNioByteChannel$NioByteUnsafe.read(AbstractNioByteChannel.java:166)
	at io.netty.channel.nio.NioEventLoop.processSelectedKey(NioEventLoop.java:722)
	at io.netty.channel.nio.NioEventLoop.processSelectedKeysOptimized(NioEventLoop.java:658)
	at io.netty.channel.nio.NioEventLoop.processSelectedKeys(NioEventLoop.java:584)
	at io.netty.channel.nio.NioEventLoop.run(NioEventLoop.java:496)
	at io.netty.util.concurrent.SingleThreadEventExecutor$4.run(SingleThreadEventExecutor.java:997)
	at io.netty.util.internal.ThreadExecutorMap$2.run(ThreadExecutorMap.java:74)
	at io.netty.util.concurrent.FastThreadLocalRunnable.run(FastThreadLocalRunnable.java:30)
	at java.base/java.lang.Thread.run(Thread.java:833)

]]></system-err>
  </testcase>
  <testcase name="Verify user can search a product" classname="This feature is used for testing UI of Retial Page" time="9.328">
    <error message="Cannot invoke &quot;org.openqa.selenium.TakesScreenshot.getScreenshotAs(org.openqa.selenium.OutputType)&quot; because the return value of &quot;tek.sdet.framework.utilities.CommonUtility.getDriver()&quot; is null" type="java.lang.NullPointerException"><![CDATA[java.lang.NullPointerException: Cannot invoke "org.openqa.selenium.TakesScreenshot.getScreenshotAs(org.openqa.selenium.OutputType)" because the return value of "tek.sdet.framework.utilities.CommonUtility.getDriver()" is null
	at tek.sdet.framework.utilities.CommonUtility.takeScreenShotAsBytes(CommonUtility.java:57)
	at tek.sdet.framework.base.BaseUITEST.closeTest(BaseUITEST.java:16)
]]></error>
  </testcase>
</testsuite>